GROUP,PACKAGE,CLASS,INSTRUCTION_MISSED,INSTRUCTION_COVERED,BRANCH_MISSED,BRANCH_COVERED,LINE_MISSED,LINE_COVERED,COMPLEXITY_MISSED,COMPLEXITY_COVERED,METHOD_MISSED,METHOD_COVERED
pharmacy-prescription-manager,com.pharmacy,PharmacyApplication,8,0,0,0,3,0,2,0,2,0
pharmacy-prescription-manager,com.pharmacy,PharmacySystem,12,322,7,73,2,64,7,40,0,7
pharmacy-prescription-manager,com.pharmacy,Prescription,13,46,0,0,4,16,4,7,4,7
pharmacy-prescription-manager,com.pharmacy,PharmacyController,411,0,10,0,66,0,12,0,7,0
