-------------------------------------------------------------------------------
Test set: com.pharmacy.PharmacySystemTest
-------------------------------------------------------------------------------
Tests run: 82, Failures: 1, Errors: 0, Skipped: 0, Time elapsed: 0.059 s <<< FAILURE! -- in com.pharmacy.PharmacySystemTest
com.pharmacy.PharmacySystemTest.cost_epc_pediatric -- Time elapsed: 0.002 s <<< FAILURE!
org.opentest4j.AssertionFailedError: expected: <60.0> but was: <285.0>
	at org.junit.jupiter.api.AssertionFailureBuilder.build(AssertionFailureBuilder.java:151)
	at org.junit.jupiter.api.AssertionFailureBuilder.buildAndThrow(AssertionFailureBuilder.java:132)
	at org.junit.jupiter.api.AssertEquals.failNotEqual(AssertEquals.java:197)
	at org.junit.jupiter.api.AssertEquals.assertEquals(AssertEquals.java:70)
	at org.junit.jupiter.api.AssertEquals.assertEquals(AssertEquals.java:65)
	at org.junit.jupiter.api.Assertions.assertEquals(Assertions.java:889)
	at com.pharmacy.PharmacySystemTest.cost_epc_pediatric(PharmacySystemTest.java:286)
	at java.base/java.lang.reflect.Method.invoke(Method.java:565)
	at java.base/java.util.ArrayList.forEach(ArrayList.java:1604)
	at java.base/java.util.ArrayList.forEach(ArrayList.java:1604)

